<?xml version="1.0" encoding="UTF-8"?>
<testng-results ignored="0" total="1" passed="1" failed="0" skipped="0">
  <reporter-output>
  </reporter-output>
  <suite started-at="2025-03-14T13:56:41 IST" name="Default suite" finished-at="2025-03-14T13:56:44 IST" duration-ms="3051">
    <groups>
    </groups>
    <test started-at="2025-03-14T13:56:41 IST" name="Default test" finished-at="2025-03-14T13:56:44 IST" duration-ms="3051">
      <class name="com.api.tests.GetProfileAPITest">
        <test-method signature="getUserProfile()[pri:0, instance:com.api.tests.GetProfileAPITest@76a4ebf2]" started-at="2025-03-14T13:56:41 IST" name="getUserProfile" description="Verify Get-Profile Functionality" finished-at="2025-03-14T13:56:44 IST" duration-ms="2996" status="PASS">
          <reporter-output>
          </reporter-output>
        </test-method> <!-- getUserProfile -->
      </class> <!-- com.api.tests.GetProfileAPITest -->
    </test> <!-- Default test -->
  </suite> <!-- Default suite -->
</testng-results>
